Arguments: 
  /home/jcvaldes/.nvm/versions/node/v18.18.2/bin/node /home/jcvaldes/.nvm/versions/node/v18.18.2/bin/yarn

PATH: 
  /home/jcvaldes/.nvm/versions/node/v18.18.2/bin:/home/jcvaldes/bin:/usr/local/bin:/home/jcvaldes/anaconda3/bin:/home/jcvaldes/anaconda3/condabin:/home/jcvaldes/.nvm/versions/node/v18.18.2/bin:/home/jcvaldes/bin:/usr/local/bin:/home/jcvaldes/.tfenv/bin:/home/jcvaldes/.local/bin:/usr/local/sbin:/usr/local/bin:/usr/sbin:/usr/bin:/sbin:/bin:/usr/games:/usr/local/games:/snap/bin:/home/jcvaldes/.dotnet/tools:/home/jcvaldes/.local/share/JetBrains/Toolbox/scripts:/usr/local/go/bin:/home/jcvaldes/tf_install:/.local/bin/kubectl:/home/jcvaldes/bin:/usr/lib/jvm/jdk-17/bin:/home/jcvaldes/android-studio/bin:/home/jcvaldes/bin:/usr/lib/jvm/jdk-17/bin:/usr/local/go/bin:/home/jcvaldes/.pulumi/bin:/home/jcvaldes/bin:/usr/lib/jvm/jdk-17/bin:/usr/local/go/bin:/home/jcvaldes/.pulumi/bin

Yarn version: 
  1.22.19

Node version: 
  18.18.2

Platform: 
  linux x64

Trace: 
  Error: https://registry.yarnpkg.com/chart.js: ETIMEDOUT
      at Timeout._onTimeout (/home/jcvaldes/.nvm/versions/node/v18.18.2/lib/node_modules/yarn/lib/cli.js:141550:19)
      at listOnTimeout (node:internal/timers:569:17)
      at process.processTimers (node:internal/timers:512:7)

npm manifest: 
  {
    "name": "dashboard",
    "version": "1.0.0",
    "scripts": {
      "start": "webpack serve --config config/webpack.dev.js",
      "build": "webpack --config config/webpack.prod.js"
    },
    "dependencies": {
      "chart.js": "3.7.1",
      "primeflex": "3.1.3",
      "primeicons": "5.0.0",
      "primevue": "3.12.0",
      "vue": "3.2.31"
    },
    "devDependencies": {
      "@babel/core": "^7.12.3",
      "@babel/plugin-transform-runtime": "^7.12.1",
      "@babel/preset-env": "^7.12.1",
      "@vue/compiler-sfc": "^3.0.2",
      "babel-loader": "^8.1.0",
      "css-loader": "^5.0.0",
      "file-loader": "^6.2.0",
      "html-webpack-plugin": "^4.5.0",
      "node-sass": "^8.0.0",
      "sass-loader": "^13.0.0",
      "style-loader": "^2.0.0",
      "vue-loader": "^16.0.0-beta.9",
      "vue-style-loader": "^4.1.2",
      "webpack": "^5.4.0",
      "webpack-cli": "^4.1.0",
      "webpack-dev-server": "^3.11.0",
      "webpack-merge": "^5.2.0"
    }
  }

yarn manifest: 
  No manifest

Lockfile: 
  No lockfile
